<?xml version="1.0" encoding="UTF-8"?>
<testsuite xmlns:xsi="http://www.w3.org/2001/XMLSchema-instance" xsi:noNamespaceSchemaLocation="https://maven.apache.org/surefire/maven-failsafe-plugin/xsd/failsafe-test-report.xsd" name="nl.randyvroegop.RestRepositoriesExploration.RestRepositoriesExplorationApplicationTestIT" time="5.129" tests="1" errors="1" skipped="0" failures="0">
  <properties>
[...]
</properties>
  <testcase name="lotto_resource_returns_200_with_expected_id_and_winners" classname="nl.randyvroegop.RestRepositoriesExploration.RestRepositoriesExplorationApplicationTestIT" time="0.732">
    <error message="Connection refused (Connection refused)" type="java.net.ConnectException">java.net.ConnectException: Connection refused (Connection refused)
	at nl.randyvroegop.RestRepositoriesExploration.RestRepositoriesExplorationApplicationTestIT.lotto_resource_returns_200_with_expected_id_and_winners(RestRepositoriesExplorationApplicationTestIT.java:22)
</error>
    <system-out><![CDATA[10:37:51.649 [main] DEBUG org.springframework.test.context.BootstrapUtils - Instantiating CacheAwareContextLoaderDelegate from class [org.springframework.test.context.cache.DefaultCacheAwareContextLoaderDelegate]
10:37:51.658 [main] DEBUG org.springframework.test.context.BootstrapUtils - Instantiating BootstrapContext using constructor [public org.springframework.test.context.support.DefaultBootstrapContext(java.lang.Class,org.springframework.test.context.CacheAwareContextLoaderDelegate)]
10:37:51.685 [main] DEBUG org.springframework.test.context.BootstrapUtils - Instantiating TestContextBootstrapper for test class [nl.randyvroegop.RestRepositoriesExploration.RestRepositoriesExplorationApplicationTestIT] from class [org.springframework.boot.test.context.SpringBootTestContextBootstrapper]
10:37:51.698 [main] INFO org.springframework.boot.test.context.SpringBootTestContextBootstrapper - Neither @ContextConfiguration nor @ContextHierarchy found for test class [nl.randyvroegop.RestRepositoriesExploration.RestRepositoriesExplorationApplicationTestIT], using SpringBootContextLoader
10:37:51.701 [main] DEBUG org.springframework.test.context.support.AbstractContextLoader - Did not detect default resource location for test class [nl.randyvroegop.RestRepositoriesExploration.RestRepositoriesExplorationApplicationTestIT]: class path resource [nl/randyvroegop/RestRepositoriesExploration/RestRepositoriesExplorationApplicationTestIT-context.xml] does not exist
10:37:51.702 [main] DEBUG org.springframework.test.context.support.AbstractContextLoader - Did not detect default resource location for test class [nl.randyvroegop.RestRepositoriesExploration.RestRepositoriesExplorationApplicationTestIT]: class path resource [nl/randyvroegop/RestRepositoriesExploration/RestRepositoriesExplorationApplicationTestITContext.groovy] does not exist
10:37:51.702 [main] INFO org.springframework.test.context.support.AbstractContextLoader - Could not detect default resource locations for test class [nl.randyvroegop.RestRepositoriesExploration.RestRepositoriesExplorationApplicationTestIT]: no resource found for suffixes {-context.xml, Context.groovy}.
10:37:51.703 [main] INFO org.springframework.test.context.support.AnnotationConfigContextLoaderUtils - Could not detect default configuration classes for test class [nl.randyvroegop.RestRepositoriesExploration.RestRepositoriesExplorationApplicationTestIT]: RestRepositoriesExplorationApplicationTestIT does not declare any static, non-private, non-final, nested classes annotated with @Configuration.
10:37:51.738 [main] DEBUG org.springframework.test.context.support.ActiveProfilesUtils - Could not find an 'annotation declaring class' for annotation type [org.springframework.test.context.ActiveProfiles] and class [nl.randyvroegop.RestRepositoriesExploration.RestRepositoriesExplorationApplicationTestIT]
10:37:51.791 [main] DEBUG org.springframework.context.annotation.ClassPathScanningCandidateComponentProvider - Identified candidate component class: file [/home/rvroegop/IdeaProjects/SpringRepoTest/RestRepository/target/classes/nl/randyvroegop/RestRepositoriesExploration/RestRepositoriesExplorationApplication.class]
10:37:51.792 [main] INFO org.springframework.boot.test.context.SpringBootTestContextBootstrapper - Found @SpringBootConfiguration nl.randyvroegop.RestRepositoriesExploration.RestRepositoriesExplorationApplication for test class nl.randyvroegop.RestRepositoriesExploration.RestRepositoriesExplorationApplicationTestIT
10:37:51.864 [main] DEBUG org.springframework.boot.test.context.SpringBootTestContextBootstrapper - @TestExecutionListeners is not present for class [nl.randyvroegop.RestRepositoriesExploration.RestRepositoriesExplorationApplicationTestIT]: using defaults.
10:37:51.865 [main] INFO org.springframework.boot.test.context.SpringBootTestContextBootstrapper - Loaded default TestExecutionListener class names from location [META-INF/spring.factories]: [org.springframework.boot.test.mock.mockito.MockitoTestExecutionListener, org.springframework.boot.test.mock.mockito.ResetMocksTestExecutionListener, org.springframework.boot.test.autoconfigure.restdocs.RestDocsTestExecutionListener, org.springframework.boot.test.autoconfigure.web.client.MockRestServiceServerResetTestExecutionListener, org.springframework.boot.test.autoconfigure.web.servlet.MockMvcPrintOnlyOnFailureTestExecutionListener, org.springframework.boot.test.autoconfigure.web.servlet.WebDriverTestExecutionListener, org.springframework.test.context.web.ServletTestExecutionListener, org.springframework.test.context.support.DirtiesContextBeforeModesTestExecutionListener, org.springframework.test.context.support.DependencyInjectionTestExecutionListener, org.springframework.test.context.support.DirtiesContextTestExecutionListener, org.springframework.test.context.transaction.TransactionalTestExecutionListener, org.springframework.test.context.jdbc.SqlScriptsTestExecutionListener, org.springframework.test.context.event.EventPublishingTestExecutionListener]
10:37:51.880 [main] INFO org.springframework.boot.test.context.SpringBootTestContextBootstrapper - Using TestExecutionListeners: [org.springframework.test.context.web.ServletTestExecutionListener@7e276594, org.springframework.test.context.support.DirtiesContextBeforeModesTestExecutionListener@3401a114, org.springframework.boot.test.mock.mockito.MockitoTestExecutionListener@5066d65f, org.springframework.boot.test.autoconfigure.SpringBootDependencyInjectionTestExecutionListener@4233e892, org.springframework.test.context.support.DirtiesContextTestExecutionListener@77d2e85, org.springframework.test.context.transaction.TransactionalTestExecutionListener@3ecd267f, org.springframework.test.context.jdbc.SqlScriptsTestExecutionListener@58ffcbd7, org.springframework.test.context.event.EventPublishingTestExecutionListener@555cf22, org.springframework.boot.test.mock.mockito.ResetMocksTestExecutionListener@6bb2d00b, org.springframework.boot.test.autoconfigure.restdocs.RestDocsTestExecutionListener@3c9bfddc, org.springframework.boot.test.autoconfigure.web.client.MockRestServiceServerResetTestExecutionListener@1a9c38eb, org.springframework.boot.test.autoconfigure.web.servlet.MockMvcPrintOnlyOnFailureTestExecutionListener@319bc845, org.springframework.boot.test.autoconfigure.web.servlet.WebDriverTestExecutionListener@4c5474f5]
10:37:51.884 [main] DEBUG org.springframework.test.context.support.AbstractDirtiesContextTestExecutionListener - Before test class: context [DefaultTestContext@349c1daf testClass = RestRepositoriesExplorationApplicationTestIT, testInstance = [null], testMethod = [null], testException = [null], mergedContextConfiguration = [WebMergedContextConfiguration@dfddc9a testClass = RestRepositoriesExplorationApplicationTestIT, locations = '{}', classes = '{class nl.randyvroegop.RestRepositoriesExploration.RestRepositoriesExplorationApplication}', contextInitializerClasses = '[]', activeProfiles = '{}', propertySourceLocations = '{}', propertySourceProperties = '{org.springframework.boot.test.context.SpringBootTestContextBootstrapper=true}', contextCustomizers = set[org.springframework.boot.test.context.filter.ExcludeFilterContextCustomizer@205d38da, org.springframework.boot.test.json.DuplicateJsonObjectContextCustomizerFactory$DuplicateJsonObjectContextCustomizer@6f3187b0, org.springframework.boot.test.mock.mockito.MockitoContextCustomizer@0, org.springframework.boot.test.web.client.TestRestTemplateContextCustomizer@2a7ed1f, org.springframework.boot.test.autoconfigure.properties.PropertyMappingContextCustomizer@0, org.springframework.boot.test.autoconfigure.web.servlet.WebDriverContextCustomizerFactory$Customizer@20d7d6fb, org.springframework.boot.test.context.SpringBootTestArgs@1], resourceBasePath = 'src/main/webapp', contextLoader = 'org.springframework.boot.test.context.SpringBootContextLoader', parent = [null]], attributes = map['org.springframework.test.context.web.ServletTestExecutionListener.activateListener' -> true]], class annotated with @DirtiesContext [false] with mode [null].
10:37:51.915 [main] DEBUG org.springframework.test.context.support.TestPropertySourceUtils - Adding inlined properties to environment: {spring.jmx.enabled=false, org.springframework.boot.test.context.SpringBootTestContextBootstrapper=true, server.port=-1}

  .   ____          _            __ _ _
 /\\ / ___'_ __ _ _(_)_ __  __ _ \ \ \ \
( ( )\___ | '_ | '_| | '_ \/ _` | \ \ \ \
 \\/  ___)| |_)| | | | | || (_| |  ) ) ) )
  '  |____| .__|_| |_|_| |_\__, | / / / /
 =========|_|==============|___/=/_/_/_/
 :: Spring Boot ::        (v2.2.7.RELEASE)

2020-05-12 10:37:52.147  INFO 5605 --- [           main] RepositoriesExplorationApplicationTestIT : Starting RestRepositoriesExplorationApplicationTestIT on rvroegop-quintor with PID 5605 (started by rvroegop in /home/rvroegop/IdeaProjects/SpringRepoTest/RestRepository)
2020-05-12 10:37:52.149  INFO 5605 --- [           main] RepositoriesExplorationApplicationTestIT : No active profile set, falling back to default profiles: default
2020-05-12 10:37:52.978  INFO 5605 --- [           main] .s.d.r.c.RepositoryConfigurationDelegate : Bootstrapping Spring Data JPA repositories in DEFAULT mode.
2020-05-12 10:37:53.021  INFO 5605 --- [           main] .s.d.r.c.RepositoryConfigurationDelegate : Finished Spring Data repository scanning in 37ms. Found 1 JPA repository interfaces.
2020-05-12 10:37:53.539  INFO 5605 --- [           main] com.zaxxer.hikari.HikariDataSource       : HikariPool-1 - Starting...
2020-05-12 10:37:53.709  INFO 5605 --- [           main] com.zaxxer.hikari.HikariDataSource       : HikariPool-1 - Start completed.
2020-05-12 10:37:53.782  INFO 5605 --- [           main] o.hibernate.jpa.internal.util.LogHelper  : HHH000204: Processing PersistenceUnitInfo [name: default]
2020-05-12 10:37:53.834  INFO 5605 --- [           main] org.hibernate.Version                    : HHH000412: Hibernate ORM core version 5.4.15.Final
2020-05-12 10:37:53.968  INFO 5605 --- [           main] o.hibernate.annotations.common.Version   : HCANN000001: Hibernate Commons Annotations {5.1.0.Final}
2020-05-12 10:37:54.093  INFO 5605 --- [           main] org.hibernate.dialect.Dialect            : HHH000400: Using dialect: org.hibernate.dialect.H2Dialect
2020-05-12 10:37:54.611  INFO 5605 --- [           main] o.h.e.t.j.p.i.JtaPlatformInitiator       : HHH000490: Using JtaPlatform implementation: [org.hibernate.engine.transaction.jta.platform.internal.NoJtaPlatform]
2020-05-12 10:37:54.617  INFO 5605 --- [           main] j.LocalContainerEntityManagerFactoryBean : Initialized JPA EntityManagerFactory for persistence unit 'default'
2020-05-12 10:37:55.354  WARN 5605 --- [           main] JpaBaseConfiguration$JpaWebConfiguration : spring.jpa.open-in-view is enabled by default. Therefore, database queries may be performed during view rendering. Explicitly configure spring.jpa.open-in-view to disable this warning
2020-05-12 10:37:55.495  INFO 5605 --- [           main] o.s.s.concurrent.ThreadPoolTaskExecutor  : Initializing ExecutorService 'applicationTaskExecutor'
2020-05-12 10:37:55.957  INFO 5605 --- [           main] RepositoriesExplorationApplicationTestIT : Started RestRepositoriesExplorationApplicationTestIT in 4.032 seconds (JVM running for 4.93)
]]></system-out>
  </testcase>
</testsuite>